app/build/intermediates/manifest_merge_blame_file/release/processReleaseMainManifest/manifest-merger-blame-release-report.txt
1<?xml version="1.0" encoding="utf-8"?>
2<!--
3    Copyright 2019 Google Inc. All Rights Reserved.
4
5     Licensed under the Apache License, Version 2.0 (the "License");
6     you may not use this file except in compliance with the License.
7     You may obtain a copy of the License at
8
9         http://www.apache.org/licenses/LICENSE-2.0
10
11     Unless required by applicable law or agreed to in writing, software
12     distributed under the License is distributed on an "AS IS" BASIS,
13     WITHOUT WARRANTIES OR CONDITIONS OF ANY KIND, either express or implied.
14     See the License for the specific language governing permissions and
15     limitations under the License.
16-->
17<!--
18 The "package" attribute is rewritten by the Gradle build with the value of applicationId.
19     It is still required here, as it is used to derive paths, for instance when referring
20     to an Activity by ".MyActivity" instead of the full name. If more Activities are added to the
21     application, the package attribute will need to reflect the correct path in order to use
22     the abbreviated format.
23-->
24<manifest xmlns:android="http://schemas.android.com/apk/res/android"
25    package="com.onrender.webterm_6e21.twa"
26    android:versionCode="2"
27    android:versionName="2" >
28
29    <uses-sdk
30        android:minSdkVersion="21"
31        android:targetSdkVersion="35" />
32
33    <uses-permission android:name="android.permission.POST_NOTIFICATIONS" />
33-->src/main/AndroidManifest.xml:26:9-80
33-->src/main/AndroidManifest.xml:26:26-78
34    <uses-permission android:name="android.permission.ACCESS_FINE_LOCATION" />
34-->[com.google.androidbrowserhelper:locationdelegation:1.1.2] AndroidManifest.xml:7:5-79
34-->[com.google.androidbrowserhelper:locationdelegation:1.1.2] AndroidManifest.xml:7:22-76
35    <uses-permission android:name="android.permission.ACCESS_COARSE_LOCATION" />
35-->[com.google.androidbrowserhelper:locationdelegation:1.1.2] AndroidManifest.xml:8:5-81
35-->[com.google.androidbrowserhelper:locationdelegation:1.1.2] AndroidManifest.xml:8:22-78
36
37    <queries>
37-->[com.google.androidbrowserhelper:androidbrowserhelper:2.6.2] AndroidManifest.xml:22:5-30:15
38        <intent>
38-->[com.google.androidbrowserhelper:androidbrowserhelper:2.6.2] AndroidManifest.xml:23:9-29:18
39            <action android:name="android.intent.action.VIEW" />
39-->src/main/AndroidManifest.xml:139:17-68
39-->src/main/AndroidManifest.xml:139:25-66
40
41            <category android:name="android.intent.category.BROWSABLE" />
41-->src/main/AndroidManifest.xml:141:17-77
41-->src/main/AndroidManifest.xml:141:27-75
42
43            <data android:scheme="https" />
43-->src/main/AndroidManifest.xml:142:17-145:19
43-->src/main/AndroidManifest.xml:142:23-45
44        </intent>
45    </queries>
46
47    <permission
47-->[androidx.core:core:1.13.0] AndroidManifest.xml:22:5-24:47
48        android:name="com.onrender.webterm_6e21.twa.DYNAMIC_RECEIVER_NOT_EXPORTED_PERMISSION"
48-->[androidx.core:core:1.13.0] AndroidManifest.xml:23:9-81
49        android:protectionLevel="signature" />
49-->[androidx.core:core:1.13.0] AndroidManifest.xml:24:9-44
50
51    <uses-permission android:name="com.onrender.webterm_6e21.twa.DYNAMIC_RECEIVER_NOT_EXPORTED_PERMISSION" />
51-->[androidx.core:core:1.13.0] AndroidManifest.xml:26:5-97
51-->[androidx.core:core:1.13.0] AndroidManifest.xml:26:22-94
52
53    <application
53-->src/main/AndroidManifest.xml:35:5-193:19
54        android:name="com.onrender.webterm_6e21.twa.Application"
54-->src/main/AndroidManifest.xml:36:9-35
55        android:allowBackup="true"
55-->src/main/AndroidManifest.xml:37:9-35
56        android:appComponentFactory="androidx.core.app.CoreComponentFactory"
56-->[androidx.core:core:1.13.0] AndroidManifest.xml:28:18-86
57        android:extractNativeLibs="true"
58        android:icon="@mipmap/ic_launcher"
58-->src/main/AndroidManifest.xml:38:9-43
59        android:label="@string/appName"
59-->src/main/AndroidManifest.xml:39:9-40
60        android:manageSpaceActivity="com.google.androidbrowserhelper.trusted.ManageDataLauncherActivity"
60-->src/main/AndroidManifest.xml:41:9-105
61        android:supportsRtl="true"
61-->src/main/AndroidManifest.xml:43:9-35
62        android:theme="@android:style/Theme.Translucent.NoTitleBar" >
62-->src/main/AndroidManifest.xml:44:9-68
63        <meta-data
63-->src/main/AndroidManifest.xml:46:9-48:58
64            android:name="asset_statements"
64-->src/main/AndroidManifest.xml:47:13-44
65            android:resource="@string/assetStatements" />
65-->src/main/AndroidManifest.xml:48:13-55
66        <meta-data
66-->src/main/AndroidManifest.xml:51:13-53:58
67            android:name="web_manifest_url"
67-->src/main/AndroidManifest.xml:52:17-48
68            android:value="@string/webManifestUrl" />
68-->src/main/AndroidManifest.xml:53:17-55
69        <meta-data
69-->src/main/AndroidManifest.xml:56:9-58:52
70            android:name="twa_generator"
70-->src/main/AndroidManifest.xml:57:13-41
71            android:value="@string/generatorApp" />
71-->src/main/AndroidManifest.xml:58:13-49
72
73        <activity android:name="com.google.androidbrowserhelper.trusted.ManageDataLauncherActivity" >
73-->src/main/AndroidManifest.xml:65:13-69:24
73-->src/main/AndroidManifest.xml:65:23-104
74            <meta-data
74-->src/main/AndroidManifest.xml:66:13-68:53
75                android:name="android.support.customtabs.trusted.MANAGE_SPACE_URL"
75-->src/main/AndroidManifest.xml:67:17-83
76                android:value="@string/launchUrl" />
76-->src/main/AndroidManifest.xml:68:17-50
77        </activity>
78        <activity
78-->src/main/AndroidManifest.xml:72:9-151:20
79            android:name="com.onrender.webterm_6e21.twa.LauncherActivity"
79-->src/main/AndroidManifest.xml:72:19-50
80            android:alwaysRetainTaskState="true"
80-->src/main/AndroidManifest.xml:73:13-49
81            android:exported="true"
81-->src/main/AndroidManifest.xml:75:13-36
82            android:label="@string/launcherName" >
82-->src/main/AndroidManifest.xml:74:13-49
83            <meta-data
83-->src/main/AndroidManifest.xml:76:13-77:53
84                android:name="android.support.customtabs.trusted.DEFAULT_URL"
84-->src/main/AndroidManifest.xml:76:24-85
85                android:value="@string/launchUrl" />
85-->src/main/AndroidManifest.xml:77:17-50
86            <meta-data
86-->src/main/AndroidManifest.xml:79:13-81:58
87                android:name="android.support.customtabs.trusted.STATUS_BAR_COLOR"
87-->src/main/AndroidManifest.xml:80:17-83
88                android:resource="@color/colorPrimary" />
88-->src/main/AndroidManifest.xml:81:17-55
89            <meta-data
89-->src/main/AndroidManifest.xml:85:13-87:62
90                android:name="android.support.customtabs.trusted.STATUS_BAR_COLOR_DARK"
90-->src/main/AndroidManifest.xml:86:17-88
91                android:resource="@color/colorPrimaryDark" />
91-->src/main/AndroidManifest.xml:87:17-59
92            <meta-data
92-->src/main/AndroidManifest.xml:89:13-91:61
93                android:name="android.support.customtabs.trusted.NAVIGATION_BAR_COLOR"
93-->src/main/AndroidManifest.xml:90:17-87
94                android:resource="@color/navigationColor" />
94-->src/main/AndroidManifest.xml:91:17-58
95            <meta-data
95-->src/main/AndroidManifest.xml:93:13-95:65
96                android:name="android.support.customtabs.trusted.NAVIGATION_BAR_COLOR_DARK"
96-->src/main/AndroidManifest.xml:94:17-92
97                android:resource="@color/navigationColorDark" />
97-->src/main/AndroidManifest.xml:95:17-62
98            <meta-data
98-->src/main/AndroidManifest.xml:97:13-99:68
99                android:name="androix.browser.trusted.NAVIGATION_BAR_DIVIDER_COLOR"
99-->src/main/AndroidManifest.xml:98:17-84
100                android:resource="@color/navigationDividerColor" />
100-->src/main/AndroidManifest.xml:99:17-65
101            <meta-data
101-->src/main/AndroidManifest.xml:101:13-103:72
102                android:name="androix.browser.trusted.NAVIGATION_BAR_DIVIDER_COLOR_DARK"
102-->src/main/AndroidManifest.xml:102:17-89
103                android:resource="@color/navigationDividerColorDark" />
103-->src/main/AndroidManifest.xml:103:17-69
104            <meta-data
104-->src/main/AndroidManifest.xml:105:13-106:54
105                android:name="android.support.customtabs.trusted.SPLASH_IMAGE_DRAWABLE"
105-->src/main/AndroidManifest.xml:105:24-95
106                android:resource="@drawable/splash" />
106-->src/main/AndroidManifest.xml:106:17-52
107            <meta-data
107-->src/main/AndroidManifest.xml:108:13-109:60
108                android:name="android.support.customtabs.trusted.SPLASH_SCREEN_BACKGROUND_COLOR"
108-->src/main/AndroidManifest.xml:108:24-104
109                android:resource="@color/backgroundColor" />
109-->src/main/AndroidManifest.xml:109:17-58
110            <meta-data
110-->src/main/AndroidManifest.xml:111:13-112:71
111                android:name="android.support.customtabs.trusted.SPLASH_SCREEN_FADE_OUT_DURATION"
111-->src/main/AndroidManifest.xml:111:24-105
112                android:value="@integer/splashScreenFadeOutDuration" />
112-->src/main/AndroidManifest.xml:112:17-69
113            <meta-data
113-->src/main/AndroidManifest.xml:114:13-115:60
114                android:name="android.support.customtabs.trusted.FILE_PROVIDER_AUTHORITY"
114-->src/main/AndroidManifest.xml:114:24-97
115                android:value="@string/providerAuthority" />
115-->src/main/AndroidManifest.xml:115:17-58
116            <meta-data
116-->src/main/AndroidManifest.xml:117:13-97
117                android:name="android.app.shortcuts"
117-->src/main/AndroidManifest.xml:117:24-60
118                android:resource="@xml/shortcuts" />
118-->src/main/AndroidManifest.xml:117:61-94
119            <meta-data
119-->src/main/AndroidManifest.xml:119:13-120:56
120                android:name="android.support.customtabs.trusted.FALLBACK_STRATEGY"
120-->src/main/AndroidManifest.xml:119:24-91
121                android:value="@string/fallbackType" />
121-->src/main/AndroidManifest.xml:120:17-53
122            <meta-data
122-->src/main/AndroidManifest.xml:126:13-127:54
123                android:name="android.support.customtabs.trusted.SCREEN_ORIENTATION"
123-->src/main/AndroidManifest.xml:126:24-92
124                android:value="@string/orientation" />
124-->src/main/AndroidManifest.xml:127:17-52
125
126            <intent-filter>
126-->src/main/AndroidManifest.xml:133:13-136:29
127                <action android:name="android.intent.action.MAIN" />
127-->src/main/AndroidManifest.xml:134:17-69
127-->src/main/AndroidManifest.xml:134:25-66
128
129                <category android:name="android.intent.category.LAUNCHER" />
129-->src/main/AndroidManifest.xml:135:17-77
129-->src/main/AndroidManifest.xml:135:27-74
130            </intent-filter>
131            <intent-filter android:autoVerify="true" >
131-->src/main/AndroidManifest.xml:138:13-146:29
131-->src/main/AndroidManifest.xml:138:28-53
132                <action android:name="android.intent.action.VIEW" />
132-->src/main/AndroidManifest.xml:139:17-68
132-->src/main/AndroidManifest.xml:139:25-66
133
134                <category android:name="android.intent.category.DEFAULT" />
134-->src/main/AndroidManifest.xml:140:17-76
134-->src/main/AndroidManifest.xml:140:27-73
135                <category android:name="android.intent.category.BROWSABLE" />
135-->src/main/AndroidManifest.xml:141:17-77
135-->src/main/AndroidManifest.xml:141:27-75
136
137                <data
137-->src/main/AndroidManifest.xml:142:17-145:19
138                    android:host="@string/hostName"
138-->src/main/AndroidManifest.xml:143:21-52
139                    android:scheme="https" />
139-->src/main/AndroidManifest.xml:142:23-45
140            </intent-filter>
141        </activity>
142        <activity android:name="com.google.androidbrowserhelper.trusted.FocusActivity" />
142-->src/main/AndroidManifest.xml:153:9-90
142-->src/main/AndroidManifest.xml:153:19-87
143        <activity
143-->src/main/AndroidManifest.xml:155:9-156:62
144            android:name="com.google.androidbrowserhelper.trusted.WebViewFallbackActivity"
144-->src/main/AndroidManifest.xml:155:19-97
145            android:configChanges="orientation|screenSize" />
145-->src/main/AndroidManifest.xml:156:13-59
146
147        <provider
147-->src/main/AndroidManifest.xml:158:9-166:20
148            android:name="androidx.core.content.FileProvider"
148-->src/main/AndroidManifest.xml:159:13-62
149            android:authorities="@string/providerAuthority"
149-->src/main/AndroidManifest.xml:160:13-60
150            android:exported="false"
150-->src/main/AndroidManifest.xml:162:13-37
151            android:grantUriPermissions="true" >
151-->src/main/AndroidManifest.xml:161:13-47
152            <meta-data
152-->src/main/AndroidManifest.xml:163:13-165:53
153                android:name="android.support.FILE_PROVIDER_PATHS"
153-->src/main/AndroidManifest.xml:164:17-67
154                android:resource="@xml/filepaths" />
154-->src/main/AndroidManifest.xml:165:17-50
155        </provider>
156
157        <service
157-->src/main/AndroidManifest.xml:168:9-183:19
158            android:name="com.onrender.webterm_6e21.twa.DelegationService"
158-->src/main/AndroidManifest.xml:169:13-46
159            android:enabled="@bool/enableNotification"
159-->src/main/AndroidManifest.xml:170:13-55
160            android:exported="@bool/enableNotification" >
160-->src/main/AndroidManifest.xml:171:13-56
161            <meta-data
161-->src/main/AndroidManifest.xml:174:17-176:73
162                android:name="android.support.customtabs.trusted.SMALL_ICON"
162-->src/main/AndroidManifest.xml:175:21-81
163                android:resource="@drawable/ic_notification_icon" />
163-->src/main/AndroidManifest.xml:176:21-70
164
165            <intent-filter>
165-->src/main/AndroidManifest.xml:179:13-182:29
166                <action android:name="android.support.customtabs.trusted.TRUSTED_WEB_ACTIVITY_SERVICE" />
166-->src/main/AndroidManifest.xml:180:17-105
166-->src/main/AndroidManifest.xml:180:25-103
167
168                <category android:name="android.intent.category.DEFAULT" />
168-->src/main/AndroidManifest.xml:140:17-76
168-->src/main/AndroidManifest.xml:140:27-73
169            </intent-filter>
170        </service>
171
172        <activity android:name="com.google.androidbrowserhelper.trusted.NotificationPermissionRequestActivity" />
172-->src/main/AndroidManifest.xml:186:13-118
172-->src/main/AndroidManifest.xml:186:23-115
173        <activity android:name="com.google.androidbrowserhelper.locationdelegation.PermissionRequestActivity" />
173-->src/main/AndroidManifest.xml:190:13-191:89
173-->src/main/AndroidManifest.xml:190:23-123
174        <activity
174-->[com.google.android.gms:play-services-base:18.1.0] AndroidManifest.xml:20:9-22:45
175            android:name="com.google.android.gms.common.api.GoogleApiActivity"
175-->[com.google.android.gms:play-services-base:18.1.0] AndroidManifest.xml:20:19-85
176            android:exported="false"
176-->[com.google.android.gms:play-services-base:18.1.0] AndroidManifest.xml:22:19-43
177            android:theme="@android:style/Theme.Translucent.NoTitleBar" />
177-->[com.google.android.gms:play-services-base:18.1.0] AndroidManifest.xml:21:19-78
178
179        <meta-data
179-->[com.google.android.gms:play-services-basement:18.1.0] AndroidManifest.xml:21:9-23:69
180            android:name="com.google.android.gms.version"
180-->[com.google.android.gms:play-services-basement:18.1.0] AndroidManifest.xml:22:13-58
181            android:value="@integer/google_play_services_version" />
181-->[com.google.android.gms:play-services-basement:18.1.0] AndroidManifest.xml:23:13-66
182
183        <provider
183-->[androidx.emoji2:emoji2:1.3.0] AndroidManifest.xml:24:9-32:20
184            android:name="androidx.startup.InitializationProvider"
184-->[androidx.emoji2:emoji2:1.3.0] AndroidManifest.xml:25:13-67
185            android:authorities="com.onrender.webterm_6e21.twa.androidx-startup"
185-->[androidx.emoji2:emoji2:1.3.0] AndroidManifest.xml:26:13-68
186            android:exported="false" >
186-->[androidx.emoji2:emoji2:1.3.0] AndroidManifest.xml:27:13-37
187            <meta-data
187-->[androidx.emoji2:emoji2:1.3.0] AndroidManifest.xml:29:13-31:52
188                android:name="androidx.emoji2.text.EmojiCompatInitializer"
188-->[androidx.emoji2:emoji2:1.3.0] AndroidManifest.xml:30:17-75
189                android:value="androidx.startup" />
189-->[androidx.emoji2:emoji2:1.3.0] AndroidManifest.xml:31:17-49
190            <meta-data
190-->[androidx.lifecycle:lifecycle-process:2.6.2] AndroidManifest.xml:29:13-31:52
191                android:name="androidx.lifecycle.ProcessLifecycleInitializer"
191-->[androidx.lifecycle:lifecycle-process:2.6.2] AndroidManifest.xml:30:17-78
192                android:value="androidx.startup" />
192-->[androidx.lifecycle:lifecycle-process:2.6.2] AndroidManifest.xml:31:17-49
193            <meta-data
193-->[androidx.profileinstaller:profileinstaller:1.3.1] AndroidManifest.xml:29:13-31:52
194                android:name="androidx.profileinstaller.ProfileInstallerInitializer"
194-->[androidx.profileinstaller:profileinstaller:1.3.1] AndroidManifest.xml:30:17-85
195                android:value="androidx.startup" />
195-->[androidx.profileinstaller:profileinstaller:1.3.1] AndroidManifest.xml:31:17-49
196        </provider>
197
198        <receiver
198-->[androidx.profileinstaller:profileinstaller:1.3.1] AndroidManifest.xml:34:9-52:20
199            android:name="androidx.profileinstaller.ProfileInstallReceiver"
199-->[androidx.profileinstaller:profileinstaller:1.3.1] AndroidManifest.xml:35:13-76
200            android:directBootAware="false"
200-->[androidx.profileinstaller:profileinstaller:1.3.1] AndroidManifest.xml:36:13-44
201            android:enabled="true"
201-->[androidx.profileinstaller:profileinstaller:1.3.1] AndroidManifest.xml:37:13-35
202            android:exported="true"
202-->[androidx.profileinstaller:profileinstaller:1.3.1] AndroidManifest.xml:38:13-36
203            android:permission="android.permission.DUMP" >
203-->[androidx.profileinstaller:profileinstaller:1.3.1] AndroidManifest.xml:39:13-57
204            <intent-filter>
204-->[androidx.profileinstaller:profileinstaller:1.3.1] AndroidManifest.xml:40:13-42:29
205                <action android:name="androidx.profileinstaller.action.INSTALL_PROFILE" />
205-->[androidx.profileinstaller:profileinstaller:1.3.1] AndroidManifest.xml:41:17-91
205-->[androidx.profileinstaller:profileinstaller:1.3.1] AndroidManifest.xml:41:25-88
206            </intent-filter>
207            <intent-filter>
207-->[androidx.profileinstaller:profileinstaller:1.3.1] AndroidManifest.xml:43:13-45:29
208                <action android:name="androidx.profileinstaller.action.SKIP_FILE" />
208-->[androidx.profileinstaller:profileinstaller:1.3.1] AndroidManifest.xml:44:17-85
208-->[androidx.profileinstaller:profileinstaller:1.3.1] AndroidManifest.xml:44:25-82
209            </intent-filter>
210            <intent-filter>
210-->[androidx.profileinstaller:profileinstaller:1.3.1] AndroidManifest.xml:46:13-48:29
211                <action android:name="androidx.profileinstaller.action.SAVE_PROFILE" />
211-->[androidx.profileinstaller:profileinstaller:1.3.1] AndroidManifest.xml:47:17-88
211-->[androidx.profileinstaller:profileinstaller:1.3.1] AndroidManifest.xml:47:25-85
212            </intent-filter>
213            <intent-filter>
213-->[androidx.profileinstaller:profileinstaller:1.3.1] AndroidManifest.xml:49:13-51:29
214                <action android:name="androidx.profileinstaller.action.BENCHMARK_OPERATION" />
214-->[androidx.profileinstaller:profileinstaller:1.3.1] AndroidManifest.xml:50:17-95
214-->[androidx.profileinstaller:profileinstaller:1.3.1] AndroidManifest.xml:50:25-92
215            </intent-filter>
216        </receiver>
217    </application>
218
219</manifest>